2022-09-21 14:52:07,871 [INFO] Activator:177 - 


2022-09-21 14:52:07,872 [INFO] Activator:178 - !SESSION log4j initialized
2022-09-21 14:52:16,827 [INFO] McuFinderGlobals:39 - Set McuFinder mode to 2 (CubeIDE integrated)
2022-09-21 14:52:16,957 [INFO] ApplicationProperties:181 - Using Application install path: C:\ST\STM32CubeIDE_1.7.0\STM32CubeIDE\plugins\com.st.stm32cube.common.mx_6.3.0.202107141111
2022-09-21 14:52:16,965 [INFO] DbMcusXml:74 - Set database path to: C:\ST\STM32CubeIDE_1.7.0\STM32CubeIDE\plugins\com.st.stm32cube.common.mx_6.3.0.202107141111\\db\/mcu/
2022-09-21 14:52:16,968 [INFO] DbBoardsPdsc:56 - Set plugin database path to: C:\ST\STM32CubeIDE_1.7.0\STM32CubeIDE\plugins\com.st.stm32cube.common.mx_6.3.0.202107141111\\db\/plugins/boardmanager/
2022-09-21 14:52:16,968 [INFO] DbMcus:258 - Set plugin images path to: C:\ST\STM32CubeIDE_1.7.0\STM32CubeIDE\plugins\com.st.stm32cube.common.mx_6.3.0.202107141111\\db\/plugins/mcufinder/images/
2022-09-21 14:52:16,968 [INFO] DbBoards:264 - Set plugin images path to: C:\ST\STM32CubeIDE_1.7.0\STM32CubeIDE\plugins\com.st.stm32cube.common.mx_6.3.0.202107141111\\db\/plugins/mcufinder/images/
2022-09-21 14:52:16,970 [INFO] DbExamples:333 - Set plugin images path to: C:\ST\STM32CubeIDE_1.7.0\STM32CubeIDE\plugins\com.st.stm32cube.common.mx_6.3.0.202107141111\\db\/plugins/mcufinder/images/
2022-09-21 14:52:16,973 [INFO] DbMcusAds:119 - Set database path to: C:\Users\Changg\.stmcufinder\plugins\mcufinder//mcu/
2022-09-21 14:52:16,974 [INFO] DbMcusDocs:110 - Set database path to: C:\Users\Changg\.stmcufinder\plugins\mcufinder//mcu/
2022-09-21 14:52:16,975 [INFO] DbMcusJson:64 - Set database path to: C:\Users\Changg\.stmcufinder\plugins\mcufinder//mcu/
2022-09-21 14:52:16,976 [INFO] DbBoardsDocs:110 - Set database path to: C:\Users\Changg\.stmcufinder\plugins\mcufinder//mcu/
2022-09-21 14:52:16,977 [INFO] DbBoardsJson:57 - Set database path to: C:\Users\Changg\.stmcufinder\plugins\mcufinder//mcu/
2022-09-21 14:52:16,978 [INFO] CrossReferenceDbSqlite:196 - Set database path to: C:\Users\Changg\.stmcufinder\plugins\mcufinder//mcu/cs/
2022-09-21 14:52:16,980 [INFO] DbExamplesSqlite:767 - Set database path to: C:\Users\Changg\.stmcufinder\plugins\mcufinder//mcu/
2022-09-21 14:52:17,036 [INFO] RulesReader:57 - Compatibility file has been processed (242 Rules)
2022-09-21 14:52:17,101 [INFO] DbMcusXml:74 - Set database path to: C:\ST\STM32CubeIDE_1.7.0\STM32CubeIDE\plugins\com.st.stm32cube.common.mx_6.3.0.202107141111\\db\/mcu/
2022-09-21 14:52:17,102 [INFO] DbBoardsPdsc:56 - Set plugin database path to: C:\ST\STM32CubeIDE_1.7.0\STM32CubeIDE\plugins\com.st.stm32cube.common.mx_6.3.0.202107141111\\db\/plugins/boardmanager/
2022-09-21 14:52:17,102 [INFO] DbMcus:258 - Set plugin images path to: C:\ST\STM32CubeIDE_1.7.0\STM32CubeIDE\plugins\com.st.stm32cube.common.mx_6.3.0.202107141111\\db\/plugins/mcufinder/images/
2022-09-21 14:52:17,102 [INFO] DbBoards:264 - Set plugin images path to: C:\ST\STM32CubeIDE_1.7.0\STM32CubeIDE\plugins\com.st.stm32cube.common.mx_6.3.0.202107141111\\db\/plugins/mcufinder/images/
2022-09-21 14:52:17,102 [INFO] DbExamples:333 - Set plugin images path to: C:\ST\STM32CubeIDE_1.7.0\STM32CubeIDE\plugins\com.st.stm32cube.common.mx_6.3.0.202107141111\\db\/plugins/mcufinder/images/
2022-09-21 14:52:17,102 [WARN] DbFile:35 - Overriding database path with different value: C:\Users\Changg\.stmcufinder\plugins\mcufinder/ => C:\Users\Changg\.stmcufinder\plugins\mcufinder
2022-09-21 14:52:17,102 [INFO] DbMcusAds:119 - Set database path to: C:\Users\Changg\.stmcufinder\plugins\mcufinder//mcu/
2022-09-21 14:52:17,102 [WARN] DbFile:35 - Overriding database path with different value: C:\Users\Changg\.stmcufinder\plugins\mcufinder/ => C:\Users\Changg\.stmcufinder\plugins\mcufinder
2022-09-21 14:52:17,102 [INFO] DbMcusDocs:110 - Set database path to: C:\Users\Changg\.stmcufinder\plugins\mcufinder//mcu/
2022-09-21 14:52:17,102 [WARN] DbFile:35 - Overriding database path with different value: C:\Users\Changg\.stmcufinder\plugins\mcufinder/ => C:\Users\Changg\.stmcufinder\plugins\mcufinder
2022-09-21 14:52:17,102 [INFO] DbMcusJson:64 - Set database path to: C:\Users\Changg\.stmcufinder\plugins\mcufinder//mcu/
2022-09-21 14:52:17,102 [WARN] DbFile:35 - Overriding database path with different value: C:\Users\Changg\.stmcufinder\plugins\mcufinder/ => C:\Users\Changg\.stmcufinder\plugins\mcufinder
2022-09-21 14:52:17,102 [INFO] DbBoardsDocs:110 - Set database path to: C:\Users\Changg\.stmcufinder\plugins\mcufinder//mcu/
2022-09-21 14:52:17,102 [WARN] DbFile:35 - Overriding database path with different value: C:\Users\Changg\.stmcufinder\plugins\mcufinder/ => C:\Users\Changg\.stmcufinder\plugins\mcufinder
2022-09-21 14:52:17,102 [INFO] DbBoardsJson:57 - Set database path to: C:\Users\Changg\.stmcufinder\plugins\mcufinder//mcu/
2022-09-21 14:52:17,102 [WARN] DbFile:35 - Overriding database path with different value: C:\Users\Changg\.stmcufinder\plugins\mcufinder/ => C:\Users\Changg\.stmcufinder\plugins\mcufinder
2022-09-21 14:52:17,102 [WARN] DbFile:35 - Overriding database path with different value: C:\Users\Changg\.stmcufinder\plugins\mcufinder/ => C:\Users\Changg\.stmcufinder\plugins\mcufinder
2022-09-21 14:52:17,103 [INFO] CrossReferenceDbSqlite:196 - Set database path to: C:\Users\Changg\.stmcufinder\plugins\mcufinder//mcu/cs/
2022-09-21 14:52:17,103 [WARN] DbFile:35 - Overriding database path with different value: C:\Users\Changg\.stmcufinder\plugins\mcufinder/ => C:\Users\Changg\.stmcufinder\plugins\mcufinder
2022-09-21 14:52:17,103 [INFO] DbExamplesSqlite:767 - Set database path to: C:\Users\Changg\.stmcufinder\plugins\mcufinder//mcu/
2022-09-21 14:52:17,156 [INFO] MainPanel:214 - HeapMemory: 268435456
2022-09-21 14:52:17,235 [INFO] DbMcusXml:74 - Set database path to: C:\ST\STM32CubeIDE_1.7.0\STM32CubeIDE\plugins\com.st.stm32cube.common.mx_6.3.0.202107141111\\db\/mcu/
2022-09-21 14:52:17,235 [INFO] DbBoardsPdsc:56 - Set plugin database path to: C:\ST\STM32CubeIDE_1.7.0\STM32CubeIDE\plugins\com.st.stm32cube.common.mx_6.3.0.202107141111\\db\/plugins/boardmanager/
2022-09-21 14:52:17,235 [INFO] DbMcus:258 - Set plugin images path to: C:\ST\STM32CubeIDE_1.7.0\STM32CubeIDE\plugins\com.st.stm32cube.common.mx_6.3.0.202107141111\\db\/plugins/mcufinder/images/
2022-09-21 14:52:17,236 [INFO] DbBoards:264 - Set plugin images path to: C:\ST\STM32CubeIDE_1.7.0\STM32CubeIDE\plugins\com.st.stm32cube.common.mx_6.3.0.202107141111\\db\/plugins/mcufinder/images/
2022-09-21 14:52:17,236 [INFO] DbExamples:333 - Set plugin images path to: C:\ST\STM32CubeIDE_1.7.0\STM32CubeIDE\plugins\com.st.stm32cube.common.mx_6.3.0.202107141111\\db\/plugins/mcufinder/images/
2022-09-21 14:52:17,236 [WARN] DbFile:35 - Overriding database path with different value: C:\Users\Changg\.stmcufinder\plugins\mcufinder/ => C:\Users\Changg\.stmcufinder\plugins\mcufinder
2022-09-21 14:52:17,236 [INFO] DbMcusAds:119 - Set database path to: C:\Users\Changg\.stmcufinder\plugins\mcufinder//mcu/
2022-09-21 14:52:17,236 [WARN] DbFile:35 - Overriding database path with different value: C:\Users\Changg\.stmcufinder\plugins\mcufinder/ => C:\Users\Changg\.stmcufinder\plugins\mcufinder
2022-09-21 14:52:17,236 [INFO] DbMcusDocs:110 - Set database path to: C:\Users\Changg\.stmcufinder\plugins\mcufinder//mcu/
2022-09-21 14:52:17,236 [WARN] DbFile:35 - Overriding database path with different value: C:\Users\Changg\.stmcufinder\plugins\mcufinder/ => C:\Users\Changg\.stmcufinder\plugins\mcufinder
2022-09-21 14:52:17,236 [INFO] DbMcusJson:64 - Set database path to: C:\Users\Changg\.stmcufinder\plugins\mcufinder//mcu/
2022-09-21 14:52:17,236 [WARN] DbFile:35 - Overriding database path with different value: C:\Users\Changg\.stmcufinder\plugins\mcufinder/ => C:\Users\Changg\.stmcufinder\plugins\mcufinder
2022-09-21 14:52:17,236 [INFO] DbBoardsDocs:110 - Set database path to: C:\Users\Changg\.stmcufinder\plugins\mcufinder//mcu/
2022-09-21 14:52:17,236 [WARN] DbFile:35 - Overriding database path with different value: C:\Users\Changg\.stmcufinder\plugins\mcufinder/ => C:\Users\Changg\.stmcufinder\plugins\mcufinder
2022-09-21 14:52:17,236 [INFO] DbBoardsJson:57 - Set database path to: C:\Users\Changg\.stmcufinder\plugins\mcufinder//mcu/
2022-09-21 14:52:17,236 [WARN] DbFile:35 - Overriding database path with different value: C:\Users\Changg\.stmcufinder\plugins\mcufinder/ => C:\Users\Changg\.stmcufinder\plugins\mcufinder
2022-09-21 14:52:17,236 [WARN] DbFile:35 - Overriding database path with different value: C:\Users\Changg\.stmcufinder\plugins\mcufinder/ => C:\Users\Changg\.stmcufinder\plugins\mcufinder
2022-09-21 14:52:17,236 [INFO] CrossReferenceDbSqlite:196 - Set database path to: C:\Users\Changg\.stmcufinder\plugins\mcufinder//mcu/cs/
2022-09-21 14:52:17,236 [WARN] DbFile:35 - Overriding database path with different value: C:\Users\Changg\.stmcufinder\plugins\mcufinder/ => C:\Users\Changg\.stmcufinder\plugins\mcufinder
2022-09-21 14:52:17,236 [INFO] DbExamplesSqlite:767 - Set database path to: C:\Users\Changg\.stmcufinder\plugins\mcufinder//mcu/
2022-09-21 14:52:17,252 [INFO] ApplicationProperties:181 - Using Application install path: C:\ST\STM32CubeIDE_1.7.0\STM32CubeIDE\plugins\com.st.stm32cube.common.mx_6.3.0.202107141111
2022-09-21 14:52:17,253 [INFO] PluginManage:188 - Search for loadable plugins [exclusion list=, ]
2022-09-21 14:52:17,254 [INFO] PluginManage:302 - Check plugin analytics
2022-09-21 14:52:17,328 [INFO] AnalyticsPlugin:257 - Accepted Software Licenses: 
2022-09-21 14:52:17,329 [INFO] AnalyticsPlugin:259 - Accepted CMSIS Pack Licenses: 
2022-09-21 14:52:17,329 [INFO] AnalyticsPlugin:261 - Accepted Firmware Licenses: 
2022-09-21 14:52:17,329 [INFO] PluginManage:352 - Loaded plugin analytics (category:tool,tabindex:-1)
2022-09-21 14:52:17,329 [INFO] PluginManage:302 - Check plugin clock
2022-09-21 14:52:17,336 [INFO] PluginManage:352 - Loaded plugin clock (category:base,tabindex:2)
2022-09-21 14:52:17,336 [INFO] PluginManage:302 - Check plugin ddr
2022-09-21 14:52:17,337 [INFO] PluginManage:352 - Loaded plugin ddr (category:tool,tabindex:6)
2022-09-21 14:52:17,337 [INFO] PluginManage:302 - Check plugin filemanager
2022-09-21 14:52:17,415 [INFO] PluginManage:352 - Loaded plugin filemanager (category:base,tabindex:10)
2022-09-21 14:52:17,415 [INFO] PluginManage:302 - Check plugin ipmanager
2022-09-21 14:52:17,420 [INFO] PluginManage:352 - Loaded plugin ipmanager (category:base,tabindex:5)
2022-09-21 14:52:17,420 [INFO] PluginManage:302 - Check plugin pinoutandconfiguration
2022-09-21 14:52:17,426 [INFO] PluginManage:352 - Loaded plugin pinoutandconfiguration (category:base,tabindex:1)
2022-09-21 14:52:17,426 [INFO] PluginManage:302 - Check plugin pinoutconfig
2022-09-21 14:52:17,444 [INFO] PluginManage:352 - Loaded plugin pinoutconfig (category:base,tabindex:0)
2022-09-21 14:52:17,445 [INFO] PluginManage:302 - Check plugin power
2022-09-21 14:52:17,451 [INFO] PluginManage:352 - Loaded plugin power (category:power,tabindex:4)
2022-09-21 14:52:17,451 [INFO] PluginManage:302 - Check plugin projectmanager
2022-09-21 14:52:17,464 [INFO] PluginManage:352 - Loaded plugin projectmanager (category:projectmanager,tabindex:3)
2022-09-21 14:52:17,464 [INFO] PluginManage:302 - Check plugin thirdparty
2022-09-21 14:52:17,550 [INFO] PluginManage:352 - Loaded plugin thirdparty (category:base,tabindex:-1)
2022-09-21 14:52:17,550 [INFO] PluginManage:302 - Check plugin tools
2022-09-21 14:52:17,551 [WARN] IntegrityCheckThread:78 - waiting for thirdparty lock release [integrity check]
2022-09-21 14:52:17,551 [INFO] IntegrityCheckThread:80 - entering critical section [integrity check]
2022-09-21 14:52:17,552 [INFO] ThirdPartyUpdaterWithRetryManager:66 - Updater plugin not ready yet. [1/15]
2022-09-21 14:52:17,552 [INFO] PluginManage:352 - Loaded plugin tools (category:base,tabindex:7)
2022-09-21 14:52:17,553 [INFO] PluginManage:302 - Check plugin tutovideos
2022-09-21 14:52:17,680 [INFO] PluginManage:352 - Loaded plugin tutovideos (category:base,tabindex:-1)
2022-09-21 14:52:17,681 [INFO] PluginManage:302 - Check plugin updater
2022-09-21 14:52:17,690 [INFO] PluginManage:352 - Loaded plugin updater (category:base,tabindex:12)
2022-09-21 14:52:17,690 [INFO] PluginManage:275 - PluginManage : Loaded plugins [13]
2022-09-21 14:52:17,799 [INFO] PinOutPanel:1463 - setPackage(No Configuration,No Configuration)
2022-09-21 14:52:17,852 [INFO] IPUIPlugin:74 - create IPUIPlugin
2022-09-21 14:52:17,853 [INFO] PluginManager:213 - loadIPPluginJar : add adc
2022-09-21 14:52:17,854 [INFO] IPUIPlugin:74 - create IPUIPlugin
2022-09-21 14:52:17,854 [INFO] PluginManager:213 - loadIPPluginJar : add aes
2022-09-21 14:52:17,855 [INFO] IPUIPlugin:74 - create IPUIPlugin
2022-09-21 14:52:17,855 [INFO] PluginManager:213 - loadIPPluginJar : add can
2022-09-21 14:52:17,856 [INFO] IPUIPlugin:74 - create IPUIPlugin
2022-09-21 14:52:17,856 [INFO] PluginManager:213 - loadIPPluginJar : add comp
2022-09-21 14:52:17,857 [INFO] IPUIPlugin:74 - create IPUIPlugin
2022-09-21 14:52:17,857 [INFO] PluginManager:213 - loadIPPluginJar : add cryp
2022-09-21 14:52:17,858 [INFO] IPUIPlugin:74 - create IPUIPlugin
2022-09-21 14:52:17,859 [INFO] PluginManager:213 - loadIPPluginJar : add dfsdm
2022-09-21 14:52:17,862 [INFO] IPUIPlugin:74 - create IPUIPlugin
2022-09-21 14:52:17,862 [INFO] PluginManager:213 - loadIPPluginJar : add dma
2022-09-21 14:52:17,863 [INFO] IPUIPlugin:74 - create IPUIPlugin
2022-09-21 14:52:17,863 [INFO] PluginManager:213 - loadIPPluginJar : add dma3
2022-09-21 14:52:17,864 [INFO] IPUIPlugin:74 - create IPUIPlugin
2022-09-21 14:52:17,864 [INFO] PluginManager:213 - loadIPPluginJar : add fatfs
2022-09-21 14:52:17,866 [INFO] IPUIPlugin:74 - create IPUIPlugin
2022-09-21 14:52:17,866 [INFO] PluginManager:213 - loadIPPluginJar : add fmc
2022-09-21 14:52:17,869 [INFO] IPUIPlugin:74 - create IPUIPlugin
2022-09-21 14:52:17,869 [INFO] PluginManager:213 - loadIPPluginJar : add freertos
2022-09-21 14:52:17,870 [INFO] IPUIPlugin:74 - create IPUIPlugin
2022-09-21 14:52:17,870 [INFO] PluginManager:213 - loadIPPluginJar : add genericplugin
2022-09-21 14:52:17,871 [INFO] IPUIPlugin:74 - create IPUIPlugin
2022-09-21 14:52:17,871 [INFO] PluginManager:213 - loadIPPluginJar : add gfxmmu
2022-09-21 14:52:17,874 [INFO] IPUIPlugin:74 - create IPUIPlugin
2022-09-21 14:52:17,874 [INFO] PluginManager:213 - loadIPPluginJar : add gic
2022-09-21 14:52:17,876 [INFO] IPUIPlugin:74 - create IPUIPlugin
2022-09-21 14:52:17,877 [INFO] PluginManager:213 - loadIPPluginJar : add gpio
2022-09-21 14:52:17,878 [INFO] IPUIPlugin:74 - create IPUIPlugin
2022-09-21 14:52:17,878 [INFO] PluginManager:213 - loadIPPluginJar : add gtzc
2022-09-21 14:52:17,879 [INFO] IPUIPlugin:74 - create IPUIPlugin
2022-09-21 14:52:17,879 [INFO] PluginManager:213 - loadIPPluginJar : add hash
2022-09-21 14:52:17,880 [INFO] IPUIPlugin:74 - create IPUIPlugin
2022-09-21 14:52:17,880 [INFO] PluginManager:213 - loadIPPluginJar : add i2c
2022-09-21 14:52:17,881 [INFO] IPUIPlugin:74 - create IPUIPlugin
2022-09-21 14:52:17,881 [INFO] PluginManager:213 - loadIPPluginJar : add i2s
2022-09-21 14:52:17,884 [INFO] IPUIPlugin:74 - create IPUIPlugin
2022-09-21 14:52:17,884 [INFO] PluginManager:213 - loadIPPluginJar : add ipddr
2022-09-21 14:52:17,888 [INFO] IPUIPlugin:74 - create IPUIPlugin
2022-09-21 14:52:17,888 [INFO] PluginManager:213 - loadIPPluginJar : add linkedlist
2022-09-21 14:52:17,890 [INFO] IPUIPlugin:74 - create IPUIPlugin
2022-09-21 14:52:17,890 [INFO] PluginManager:213 - loadIPPluginJar : add lorawan
2022-09-21 14:52:17,890 [INFO] IPUIPlugin:74 - create IPUIPlugin
2022-09-21 14:52:17,891 [INFO] PluginManager:213 - loadIPPluginJar : add ltdc
2022-09-21 14:52:17,892 [INFO] IPUIPlugin:74 - create IPUIPlugin
2022-09-21 14:52:17,892 [INFO] PluginManager:213 - loadIPPluginJar : add mdma
2022-09-21 14:52:17,894 [INFO] IPUIPlugin:74 - create IPUIPlugin
2022-09-21 14:52:17,894 [INFO] PluginManager:213 - loadIPPluginJar : add nvic
2022-09-21 14:52:17,895 [INFO] IPUIPlugin:74 - create IPUIPlugin
2022-09-21 14:52:17,895 [INFO] PluginManager:213 - loadIPPluginJar : add opamp
2022-09-21 14:52:17,897 [INFO] IPUIPlugin:74 - create IPUIPlugin
2022-09-21 14:52:17,897 [INFO] PluginManager:213 - loadIPPluginJar : add openamp
2022-09-21 14:52:17,898 [INFO] IPUIPlugin:74 - create IPUIPlugin
2022-09-21 14:52:17,898 [INFO] PluginManager:213 - loadIPPluginJar : add pdm2pcm
2022-09-21 14:52:17,902 [INFO] IPUIPlugin:74 - create IPUIPlugin
2022-09-21 14:52:17,903 [INFO] PluginManager:213 - loadIPPluginJar : add plateformsettings
2022-09-21 14:52:17,904 [INFO] IPUIPlugin:74 - create IPUIPlugin
2022-09-21 14:52:17,904 [INFO] PluginManager:213 - loadIPPluginJar : add quadspi
2022-09-21 14:52:17,906 [INFO] IPUIPlugin:74 - create IPUIPlugin
2022-09-21 14:52:17,906 [INFO] PluginManager:213 - loadIPPluginJar : add resmgrutility
2022-09-21 14:52:17,908 [INFO] IPUIPlugin:74 - create IPUIPlugin
2022-09-21 14:52:17,908 [INFO] PluginManager:213 - loadIPPluginJar : add sai
2022-09-21 14:52:17,909 [INFO] IPUIPlugin:74 - create IPUIPlugin
2022-09-21 14:52:17,909 [INFO] PluginManager:213 - loadIPPluginJar : add spi
2022-09-21 14:52:17,911 [INFO] IPUIPlugin:74 - create IPUIPlugin
2022-09-21 14:52:17,911 [INFO] PluginManager:213 - loadIPPluginJar : add stm32_wpan
2022-09-21 14:52:17,912 [INFO] IPUIPlugin:74 - create IPUIPlugin
2022-09-21 14:52:17,912 [INFO] PluginManager:213 - loadIPPluginJar : add tim
2022-09-21 14:52:17,913 [INFO] IPUIPlugin:74 - create IPUIPlugin
2022-09-21 14:52:17,913 [INFO] PluginManager:213 - loadIPPluginJar : add touchsensing
2022-09-21 14:52:17,914 [INFO] IPUIPlugin:74 - create IPUIPlugin
2022-09-21 14:52:17,914 [INFO] PluginManager:213 - loadIPPluginJar : add tracer_emb
2022-09-21 14:52:17,915 [INFO] IPUIPlugin:74 - create IPUIPlugin
2022-09-21 14:52:17,915 [INFO] PluginManager:213 - loadIPPluginJar : add ts
2022-09-21 14:52:17,916 [INFO] IPUIPlugin:74 - create IPUIPlugin
2022-09-21 14:52:17,916 [INFO] PluginManager:213 - loadIPPluginJar : add tsc
2022-09-21 14:52:17,917 [INFO] IPUIPlugin:74 - create IPUIPlugin
2022-09-21 14:52:17,917 [INFO] PluginManager:213 - loadIPPluginJar : add ucpd
2022-09-21 14:52:17,927 [INFO] IPUIPlugin:74 - create IPUIPlugin
2022-09-21 14:52:17,928 [INFO] PluginManager:213 - loadIPPluginJar : add usart
2022-09-21 14:52:17,936 [INFO] IPUIPlugin:74 - create IPUIPlugin
2022-09-21 14:52:17,936 [INFO] PluginManager:213 - loadIPPluginJar : add usbx
2022-09-21 14:52:18,190 [FATAL] Updater:294 - Updater called before beeing initialized
2022-09-21 14:52:18,261 [FATAL] Updater:294 - Updater called before beeing initialized
2022-09-21 14:52:18,267 [INFO] DbMcusAds:47 - JSON generation date=Tue May 11 22:32:49 ICT 2021 (1620747169502)
2022-09-21 14:52:18,267 [FATAL] Updater:294 - Updater called before beeing initialized
2022-09-21 14:52:18,289 [WARN] DetailPanel:314 - Failed to get advertising image, set to default
2022-09-21 14:52:18,352 [FATAL] Updater:294 - Updater called before beeing initialized
2022-09-21 14:52:18,353 [FATAL] Updater:294 - Updater called before beeing initialized
2022-09-21 14:52:18,353 [FATAL] Updater:294 - Updater called before beeing initialized
2022-09-21 14:52:18,354 [WARN] DetailPanel:314 - Failed to get advertising image, set to default
2022-09-21 14:52:18,354 [FATAL] Updater:294 - Updater called before beeing initialized
2022-09-21 14:52:18,384 [ERROR] Updater:1075 - MainUpdater not yet initialized. External WinMGr cannot be set.
2022-09-21 14:52:18,387 [INFO] Updater:1012 - Updater Version found : 6.3.0
2022-09-21 14:52:18,402 [INFO] ApplicationProperties:181 - Using Application install path: C:\ST\STM32CubeIDE_1.7.0\STM32CubeIDE\plugins\com.st.stm32cube.common.mx_6.3.0.202107141111
2022-09-21 14:52:18,633 [INFO] MainUpdater:2671 - connection check result : 10
2022-09-21 14:52:18,633 [INFO] MainUpdater:265 - Updater Check For Update Now.
2022-09-21 14:52:18,634 [INFO] MicroXplorer:478 - Change Database Version : DB.6.0.30
2022-09-21 14:52:18,778 [INFO] CheckServerUpdateThread:112 - End of CheckServer Thread
2022-09-21 14:52:18,866 [INFO] MainUpdater:2671 - connection check result : 10
2022-09-21 14:52:18,871 [INFO] McuFinderGlobals:52 - Set McuFinderConnectedMode to true
2022-09-21 14:52:18,955 [INFO] ServerAccessManage:362 - Download File mcusAds.json._tmp_
2022-09-21 14:52:19,075 [INFO] LoadUrlFilesThread:145 - End of LoadUrlFiles Thread
2022-09-21 14:52:19,823 [INFO] ServerAccessManage:362 - Download File mcusDocs.json._tmp_
2022-09-21 14:52:20,553 [WARN] MainUpdater:1122 - Updater busy. Cannot search thirdparties
2022-09-21 14:52:20,553 [INFO] ThirdPartyUpdaterWithRetryManager:92 - Updater plugin is busy. [1/15]
2022-09-21 14:52:20,712 [INFO] LoadUrlFilesThread:145 - End of LoadUrlFiles Thread
2022-09-21 14:52:20,875 [INFO] ServerAccessManage:362 - Download File mcusFeaturesAndDescription.json._tmp_
2022-09-21 14:52:23,554 [INFO] LoadUrlFilesThread:145 - End of LoadUrlFiles Thread
2022-09-21 14:52:23,568 [WARN] MainUpdater:1122 - Updater busy. Cannot search thirdparties
2022-09-21 14:52:23,568 [INFO] ThirdPartyUpdaterWithRetryManager:92 - Updater plugin is busy. [2/15]
2022-09-21 14:52:23,725 [INFO] ServerAccessManage:362 - Download File boardsDocs.json._tmp_
2022-09-21 14:52:23,864 [INFO] LoadUrlFilesThread:145 - End of LoadUrlFiles Thread
2022-09-21 14:52:24,029 [INFO] ServerAccessManage:362 - Download File boards.json._tmp_
2022-09-21 14:52:24,241 [INFO] LoadUrlFilesThread:145 - End of LoadUrlFiles Thread
2022-09-21 14:52:24,404 [INFO] ServerAccessManage:362 - Download File cube-finder-db.zip
2022-09-21 14:52:26,574 [WARN] MainUpdater:1122 - Updater busy. Cannot search thirdparties
2022-09-21 14:52:26,574 [INFO] ThirdPartyUpdaterWithRetryManager:92 - Updater plugin is busy. [3/15]
2022-09-21 14:52:28,747 [INFO] FileExtend:235 - Unzip File : cube-finder-db.zip
2022-09-21 14:52:28,748 [INFO] FileExtend:250 - Standard Zip Deflate
2022-09-21 14:52:29,186 [INFO] LoadUrlFilesThread:145 - End of LoadUrlFiles Thread
2022-09-21 14:52:29,578 [WARN] MainUpdater:1122 - Updater busy. Cannot search thirdparties
2022-09-21 14:52:29,578 [INFO] ThirdPartyUpdaterWithRetryManager:92 - Updater plugin is busy. [4/15]
2022-09-21 14:52:30,426 [INFO] ServerAccessManage:362 - Download File crdb.zip
2022-09-21 14:52:32,121 [INFO] FileExtend:235 - Unzip File : crdb.zip
2022-09-21 14:52:32,121 [INFO] FileExtend:250 - Standard Zip Deflate
2022-09-21 14:52:32,255 [INFO] LoadUrlFilesThread:145 - End of LoadUrlFiles Thread
2022-09-21 14:52:32,407 [INFO] ServerAccessManage:362 - Download File tutoVideoDB.zip
2022-09-21 14:52:32,471 [INFO] FileExtend:235 - Unzip File : tutoVideoDB.zip
2022-09-21 14:52:32,471 [INFO] FileExtend:250 - Standard Zip Deflate
2022-09-21 14:52:32,591 [WARN] MainUpdater:1122 - Updater busy. Cannot search thirdparties
2022-09-21 14:52:32,591 [INFO] ThirdPartyUpdaterWithRetryManager:92 - Updater plugin is busy. [5/15]
2022-09-21 14:52:32,596 [INFO] LoadUrlFilesThread:145 - End of LoadUrlFiles Thread
2022-09-21 14:52:32,597 [INFO] DbMcusAds:47 - JSON generation date=Thu Sep 30 13:55:09 ICT 2021 (1632984909247)
2022-09-21 14:52:32,607 [INFO] DbMcusDocs:143 - JSON generation date=Tue Nov 16 23:17:54 ICT 2021 (1637079474)
2022-09-21 14:52:32,608 [INFO] DbMcusXml:100 - Load MCU database from C:\ST\STM32CubeIDE_1.7.0\STM32CubeIDE\plugins\com.st.stm32cube.common.mx_6.3.0.202107141111\\db\/mcu/families.xml
2022-09-21 14:52:33,106 [INFO] DbMcusJson:93 - JSON generation date=Tue Nov 16 23:17:54 ICT 2021 (1637079474)
2022-09-21 14:52:33,511 [INFO] DbMcus:175 - Found 1951 MCUs (1903 are supported by CubeMX, 1914 are visible in CubeMX)
2022-09-21 14:52:33,511 [INFO] ApiDb:251 - Load user favorites file C:\Users\Changg/.stm32cubeide/favorites.mcus.txt: 0 item(s)
2022-09-21 14:52:33,511 [INFO] ApiDb:255 - User favorites MCUs=[]
2022-09-21 14:52:33,511 [INFO] DbMcus:187 - Set 0 / 0 favorites MCUs
2022-09-21 14:52:33,700 [INFO] DbMcusDocs:79 - Found 682 MCUs documents
2022-09-21 14:52:33,701 [INFO] ApiDb:276 - Save user favorites file C:\Users\Changg/.stm32cubeide/favorites.mcus.txt: 0 item(s)
2022-09-21 14:52:33,702 [INFO] ApiDb:280 - User favorites MCUs=[]
2022-09-21 14:52:33,702 [INFO] DbMcusXml:100 - Load MCU database from C:\ST\STM32CubeIDE_1.7.0\STM32CubeIDE\plugins\com.st.stm32cube.common.mx_6.3.0.202107141111\\db\/mcu/families.xml
2022-09-21 14:52:34,128 [INFO] DbMcusJson:93 - JSON generation date=Tue Nov 16 23:17:54 ICT 2021 (1637079474)
2022-09-21 14:52:34,550 [INFO] DbMcus:175 - Found 1951 MCUs (1903 are supported by CubeMX, 1914 are visible in CubeMX)
2022-09-21 14:52:34,551 [INFO] ApiDb:251 - Load user favorites file C:\Users\Changg/.stm32cubeide/favorites.mcus.txt: 0 item(s)
2022-09-21 14:52:34,551 [INFO] ApiDb:255 - User favorites MCUs=[]
2022-09-21 14:52:34,551 [INFO] DbMcus:187 - Set 0 / 0 favorites MCUs
2022-09-21 14:52:34,556 [INFO] DbBoardsDocs:143 - JSON generation date=Tue Nov 16 23:17:54 ICT 2021 (1637079474)
2022-09-21 14:52:34,565 [INFO] DbBoardsPdsc:90 - Found 25 items
2022-09-21 14:52:34,567 [INFO] DbBoardsPdsc:90 - Found 9 items
2022-09-21 14:52:34,571 [INFO] DbBoardsPdsc:90 - Found 33 items
2022-09-21 14:52:34,572 [INFO] DbBoardsPdsc:90 - Found 1 items
2022-09-21 14:52:34,579 [INFO] DbBoardsPdsc:90 - Found 48 items
2022-09-21 14:52:34,590 [INFO] DbBoardsPdsc:90 - Found 43 items
2022-09-21 14:52:34,592 [INFO] DbBoardsPdsc:90 - Found 2 items
2022-09-21 14:52:34,593 [INFO] DbBoardsPdsc:90 - Found 5 items
2022-09-21 14:52:34,597 [WARN] DbBoardsPdsc:254 - Board STM32H7B3I-DK: unknown feature type=Audio, name=, username=Audio stereo codec with Headphone Amp (CS42L51-CNZ), n=1
2022-09-21 14:52:34,597 [WARN] DbBoardsPdsc:254 - Board STM32H735G-DK: unknown feature type=Audio, name=, username=Audio stereo codec with Headphone Amp (WM8994ECS/R), n=1
2022-09-21 14:52:34,598 [WARN] DbBoardsPdsc:254 - Board STM32H7B3I-EVAL: unknown feature type=Audio, name=, username=Multi-Channel Audio Codec (CS42L51-CNZ), n=1
2022-09-21 14:52:34,598 [WARN] DbBoardsPdsc:254 - Board STM32H7B3I-EVAL: unknown feature type=Meter, name=, username=Power-metering and Temperature-monitoring with sigma-delta modulators, n=1
2022-09-21 14:52:34,598 [WARN] DbBoardsPdsc:254 - Board STM32H7B3I-EVAL: unknown feature type=Motor, name=, username=Motor Control, n=1
2022-09-21 14:52:34,599 [WARN] DbBoardsPdsc:254 - Board STM32U575I-EV: unknown feature type=joystick, name=, username=4-direction joystick with selection button, n=1
2022-09-21 14:52:34,610 [INFO] DbBoardsJson:86 - JSON generation date=Tue Nov 16 23:17:54 ICT 2021 (1637079474)
2022-09-21 14:52:34,615 [INFO] DbBoards:117 - Found 167 boards (163 are supported by CubeMX)
2022-09-21 14:52:34,616 [INFO] DbBoardsDocs:143 - JSON generation date=Tue Nov 16 23:17:54 ICT 2021 (1637079474)
2022-09-21 14:52:34,618 [INFO] DbBoardsDocs:79 - Found 209 boards documents
2022-09-21 14:52:34,619 [WARN] DbBoards:127 - board B-L475E-IOT01A2 has no document id list !
2022-09-21 14:52:34,620 [WARN] DbBoards:127 - board NUCLEO-H743ZI has no document id list !
2022-09-21 14:52:34,620 [WARN] DbBoards:127 - board NUCLEO-WL55JC2 has no document id list !
2022-09-21 14:52:34,620 [WARN] DbBoards:127 - board P-NUCLEO-WB55-Nucleo has no document id list !
2022-09-21 14:52:34,620 [WARN] DbBoards:127 - board P-NUCLEO-WB55-USBDongle has no document id list !
2022-09-21 14:52:34,620 [WARN] DbBoards:127 - board STEVAL-BFA001V1B has no document id list !
2022-09-21 14:52:34,620 [WARN] DbBoards:127 - board STEVAL-BFA001V2B has no document id list !
2022-09-21 14:52:34,620 [WARN] DbBoards:127 - board STEVAL-IDP005V1 has no document id list !
2022-09-21 14:52:34,620 [WARN] DbBoards:127 - board STEVAL-IDP005V2 has no document id list !
2022-09-21 14:52:34,620 [WARN] DbBoards:127 - board STEVAL-MKSBOX1V1 has no document id list !
2022-09-21 14:52:34,620 [WARN] DbBoards:127 - board STEVAL-STWINKT1 has no document id list !
2022-09-21 14:52:34,620 [WARN] DbBoards:127 - board STEVAL-STWINKT1B has no document id list !
2022-09-21 14:52:34,620 [WARN] DbBoards:127 - board STM32439I-EVAL2 has no document id list !
2022-09-21 14:52:34,621 [WARN] DbBoards:127 - board STM32F401C-DISCO has no document id list !
2022-09-21 14:52:34,621 [WARN] DbBoards:127 - board STM32F769I-DISC1 has no document id list !
2022-09-21 14:52:34,621 [WARN] DbBoards:127 - board STM32G474E-EVAL1 has no document id list !
2022-09-21 14:52:34,621 [WARN] DbBoards:127 - board STM32H743I-EVAL2 has no document id list !
2022-09-21 14:52:34,621 [WARN] DbBoards:127 - board STM32H747I-DISC1 has no document id list !
2022-09-21 14:52:34,621 [WARN] DbBoards:127 - board STM32H753I-EVAL2 has no document id list !
2022-09-21 14:52:34,621 [WARN] DbBoards:127 - board STM32L-DISCOVERY has no document id list !
2022-09-21 14:52:34,713 [ERROR] DbBoards:189 - Image file not found for board B-U585I-IOT02A: C:\ST\STM32CubeIDE_1.7.0\STM32CubeIDE\plugins\com.st.stm32cube.common.mx_6.3.0.202107141111\\db\/plugins/mcufinder/images/boards/B-U585I-IOT02A_small.jpg
2022-09-21 14:52:34,790 [ERROR] DbBoards:189 - Image file not found for board NUCLEO-F413ZH: C:\ST\STM32CubeIDE_1.7.0\STM32CubeIDE\plugins\com.st.stm32cube.common.mx_6.3.0.202107141111\\db\/plugins/mcufinder/images/boards/nucleo-f413zh_small.jpg
2022-09-21 14:52:34,912 [ERROR] DbBoards:189 - Image file not found for board NUCLEO-L552ZE-Q: C:\ST\STM32CubeIDE_1.7.0\STM32CubeIDE\plugins\com.st.stm32cube.common.mx_6.3.0.202107141111\\db\/plugins/mcufinder/images/boards/nucleo_l552ze_q_small.jpg
2022-09-21 14:52:34,912 [ERROR] DbBoards:189 - Image file not found for board NUCLEO-U575ZI-Q: C:\ST\STM32CubeIDE_1.7.0\STM32CubeIDE\plugins\com.st.stm32cube.common.mx_6.3.0.202107141111\\db\/plugins/mcufinder/images/boards/nucleo-u575zi-q_small.jpg
2022-09-21 14:52:34,912 [ERROR] DbBoards:189 - Image file not found for board NUCLEO-WB15CC: C:\ST\STM32CubeIDE_1.7.0\STM32CubeIDE\plugins\com.st.stm32cube.common.mx_6.3.0.202107141111\\db\/plugins/mcufinder/images/boards/nucleo-wb15cc_small.jpg
2022-09-21 14:52:34,912 [ERROR] DbBoards:189 - Image file not found for board NUCLEO-WB55RG: C:\ST\STM32CubeIDE_1.7.0\STM32CubeIDE\plugins\com.st.stm32cube.common.mx_6.3.0.202107141111\\db\/plugins/mcufinder/images/boards/nucleo-wb55rg_small.jpg
2022-09-21 14:52:35,654 [INFO] ApiDb:242 - User favorites file not found: C:\Users\Changg/.stm32cubeide/favorites.boards.txt
2022-09-21 14:52:35,654 [INFO] DbBoards:206 - Set 0 / 0 favorites Boards
2022-09-21 14:52:35,656 [INFO] DbBoardsDocs:79 - Found 418 boards documents
2022-09-21 14:52:35,656 [INFO] ApiDb:276 - Save user favorites file C:\Users\Changg/.stm32cubeide/favorites.boards.txt: 0 item(s)
2022-09-21 14:52:35,657 [INFO] ApiDb:280 - User favorites Boards=[]
2022-09-21 14:52:35,659 [INFO] DbBoardsPdsc:90 - Found 25 items
2022-09-21 14:52:35,660 [INFO] DbBoardsPdsc:90 - Found 9 items
2022-09-21 14:52:35,663 [INFO] DbBoardsPdsc:90 - Found 33 items
2022-09-21 14:52:35,664 [INFO] DbBoardsPdsc:90 - Found 1 items
2022-09-21 14:52:35,668 [INFO] DbBoardsPdsc:90 - Found 48 items
2022-09-21 14:52:35,684 [INFO] DbBoardsPdsc:90 - Found 43 items
2022-09-21 14:52:35,685 [INFO] DbBoardsPdsc:90 - Found 2 items
2022-09-21 14:52:35,686 [INFO] DbBoardsPdsc:90 - Found 5 items
2022-09-21 14:52:35,688 [WARN] DbBoardsPdsc:254 - Board STM32H7B3I-DK: unknown feature type=Audio, name=, username=Audio stereo codec with Headphone Amp (CS42L51-CNZ), n=1
2022-09-21 14:52:35,688 [WARN] DbBoardsPdsc:254 - Board STM32H735G-DK: unknown feature type=Audio, name=, username=Audio stereo codec with Headphone Amp (WM8994ECS/R), n=1
2022-09-21 14:52:35,689 [WARN] DbBoardsPdsc:254 - Board STM32H7B3I-EVAL: unknown feature type=Audio, name=, username=Multi-Channel Audio Codec (CS42L51-CNZ), n=1
2022-09-21 14:52:35,689 [WARN] DbBoardsPdsc:254 - Board STM32H7B3I-EVAL: unknown feature type=Meter, name=, username=Power-metering and Temperature-monitoring with sigma-delta modulators, n=1
2022-09-21 14:52:35,689 [WARN] DbBoardsPdsc:254 - Board STM32H7B3I-EVAL: unknown feature type=Motor, name=, username=Motor Control, n=1
2022-09-21 14:52:35,689 [WARN] PackLoader:238 - Cannot read IP mode file for STMicroelectronics.X-CUBE-GNSS1.6.0.0
2022-09-21 14:52:35,689 [WARN] DbBoardsPdsc:254 - Board STM32U575I-EV: unknown feature type=joystick, name=, username=4-direction joystick with selection button, n=1
2022-09-21 14:52:35,708 [INFO] DbBoardsJson:86 - JSON generation date=Tue Nov 16 23:17:54 ICT 2021 (1637079474)
2022-09-21 14:52:35,712 [INFO] DbBoards:117 - Found 167 boards (163 are supported by CubeMX)
2022-09-21 14:52:35,712 [WARN] DbBoards:127 - board B-L475E-IOT01A2 has no document id list !
2022-09-21 14:52:35,713 [WARN] DbBoards:127 - board NUCLEO-H743ZI has no document id list !
2022-09-21 14:52:35,713 [WARN] DbBoards:127 - board NUCLEO-WL55JC2 has no document id list !
2022-09-21 14:52:35,713 [WARN] DbBoards:127 - board P-NUCLEO-WB55-Nucleo has no document id list !
2022-09-21 14:52:35,713 [WARN] DbBoards:127 - board P-NUCLEO-WB55-USBDongle has no document id list !
2022-09-21 14:52:35,713 [WARN] DbBoards:127 - board STEVAL-BFA001V1B has no document id list !
2022-09-21 14:52:35,713 [WARN] DbBoards:127 - board STEVAL-BFA001V2B has no document id list !
2022-09-21 14:52:35,714 [WARN] DbBoards:127 - board STEVAL-IDP005V1 has no document id list !
2022-09-21 14:52:35,714 [WARN] DbBoards:127 - board STEVAL-IDP005V2 has no document id list !
2022-09-21 14:52:35,714 [WARN] DbBoards:127 - board STEVAL-MKSBOX1V1 has no document id list !
2022-09-21 14:52:35,714 [WARN] DbBoards:127 - board STEVAL-STWINKT1 has no document id list !
2022-09-21 14:52:35,714 [WARN] DbBoards:127 - board STEVAL-STWINKT1B has no document id list !
2022-09-21 14:52:35,714 [WARN] DbBoards:127 - board STM32439I-EVAL2 has no document id list !
2022-09-21 14:52:35,714 [WARN] DbBoards:127 - board STM32F401C-DISCO has no document id list !
2022-09-21 14:52:35,714 [WARN] DbBoards:127 - board STM32F769I-DISC1 has no document id list !
2022-09-21 14:52:35,714 [WARN] DbBoards:127 - board STM32G474E-EVAL1 has no document id list !
2022-09-21 14:52:35,714 [WARN] DbBoards:127 - board STM32H743I-EVAL2 has no document id list !
2022-09-21 14:52:35,714 [WARN] DbBoards:127 - board STM32H747I-DISC1 has no document id list !
2022-09-21 14:52:35,714 [WARN] DbBoards:127 - board STM32H753I-EVAL2 has no document id list !
2022-09-21 14:52:35,715 [WARN] DbBoards:127 - board STM32L-DISCOVERY has no document id list !
2022-09-21 14:52:35,724 [WARN] PackLoader:238 - Cannot read IP mode file for STMicroelectronics.X-CUBE-AZRTOS-F4.1.1.0
2022-09-21 14:52:35,756 [WARN] PackLoader:238 - Cannot read IP mode file for STMicroelectronics.X-CUBE-AZRTOS-F7.1.1.0
2022-09-21 14:52:35,763 [WARN] PackLoader:238 - Cannot read IP mode file for STMicroelectronics.X-CUBE-BLE1.6.2.3
2022-09-21 14:52:35,767 [WARN] PackLoader:238 - Cannot read IP mode file for STMicroelectronics.X-CUBE-NFC4.2.0.4
2022-09-21 14:52:35,775 [WARN] PackLoader:238 - Cannot read IP mode file for STMicroelectronics.X-CUBE-TOF1.3.1.0
2022-09-21 14:52:35,782 [WARN] PackLoader:238 - Cannot read IP mode file for wolfSSL.I-CUBE-wolfSSL.5.5.0
2022-09-21 14:52:35,785 [WARN] PackLoader:238 - Cannot read IP mode file for STMicroelectronics.X-CUBE-NFC7.1.0.0
2022-09-21 14:52:35,790 [ERROR] DbBoards:189 - Image file not found for board B-U585I-IOT02A: C:\ST\STM32CubeIDE_1.7.0\STM32CubeIDE\plugins\com.st.stm32cube.common.mx_6.3.0.202107141111\\db\/plugins/mcufinder/images/boards/B-U585I-IOT02A_small.jpg
2022-09-21 14:52:35,815 [WARN] PackLoader:238 - Cannot read IP mode file for STMicroelectronics.X-CUBE-MEMS1.9.3.0
2022-09-21 14:52:35,863 [ERROR] DbBoards:189 - Image file not found for board NUCLEO-F413ZH: C:\ST\STM32CubeIDE_1.7.0\STM32CubeIDE\plugins\com.st.stm32cube.common.mx_6.3.0.202107141111\\db\/plugins/mcufinder/images/boards/nucleo-f413zh_small.jpg
2022-09-21 14:52:35,926 [WARN] PackLoader:238 - Cannot read IP mode file for STMicroelectronics.X-CUBE-AI.7.2.0
2022-09-21 14:52:35,931 [WARN] PackLoader:238 - Cannot read IP mode file for STMicroelectronics.X-CUBE-SFXS2LP1.4.0.0
2022-09-21 14:52:35,935 [WARN] PackLoader:238 - Cannot read IP mode file for STMicroelectronics.X-CUBE-BLE2.3.3.0
2022-09-21 14:52:35,941 [WARN] PackLoader:238 - Cannot read IP mode file for STMicroelectronics.X-CUBE-DISPLAY.2.2.0
2022-09-21 14:52:35,945 [WARN] PackLoader:238 - Cannot read IP mode file for STMicroelectronics.X-CUBE-ISPU.1.0.0
2022-09-21 14:52:35,950 [WARN] PackLoader:238 - Cannot read IP mode file for RoweBots.I-CUBE-UNISONRTOS.5.5.0-4
2022-09-21 14:52:35,964 [WARN] PackLoader:238 - Cannot read IP mode file for STMicroelectronics.X-CUBE-AZRTOS-H7.2.1.0
2022-09-21 14:52:35,971 [WARN] PackLoader:238 - Cannot read IP mode file for STMicroelectronics.X-CUBE-BLEMGR.1.0.0
2022-09-21 14:52:35,975 [WARN] PackLoader:238 - Cannot read IP mode file for STMicroelectronics.X-CUBE-ALGOBUILD.1.3.0
2022-09-21 14:52:35,987 [WARN] PackLoader:238 - Cannot read IP mode file for STMicroelectronics.X-CUBE-AZRTOS-G0.1.1.0
2022-09-21 14:52:35,993 [ERROR] DbBoards:189 - Image file not found for board NUCLEO-L552ZE-Q: C:\ST\STM32CubeIDE_1.7.0\STM32CubeIDE\plugins\com.st.stm32cube.common.mx_6.3.0.202107141111\\db\/plugins/mcufinder/images/boards/nucleo_l552ze_q_small.jpg
2022-09-21 14:52:35,993 [ERROR] DbBoards:189 - Image file not found for board NUCLEO-U575ZI-Q: C:\ST\STM32CubeIDE_1.7.0\STM32CubeIDE\plugins\com.st.stm32cube.common.mx_6.3.0.202107141111\\db\/plugins/mcufinder/images/boards/nucleo-u575zi-q_small.jpg
2022-09-21 14:52:35,993 [ERROR] DbBoards:189 - Image file not found for board NUCLEO-WB15CC: C:\ST\STM32CubeIDE_1.7.0\STM32CubeIDE\plugins\com.st.stm32cube.common.mx_6.3.0.202107141111\\db\/plugins/mcufinder/images/boards/nucleo-wb15cc_small.jpg
2022-09-21 14:52:35,993 [ERROR] DbBoards:189 - Image file not found for board NUCLEO-WB55RG: C:\ST\STM32CubeIDE_1.7.0\STM32CubeIDE\plugins\com.st.stm32cube.common.mx_6.3.0.202107141111\\db\/plugins/mcufinder/images/boards/nucleo-wb55rg_small.jpg
2022-09-21 14:52:35,995 [WARN] PackLoader:238 - Cannot read IP mode file for STMicroelectronics.X-CUBE-SUBG2.5.0.0
2022-09-21 14:52:36,020 [WARN] PackLoader:238 - Cannot read IP mode file for SEGGER.I-CUBE-embOS.1.2.0
2022-09-21 14:52:36,052 [WARN] PackLoader:238 - Cannot read IP mode file for STMicroelectronics.FP-ATR-ASTRA1.1.1.1
2022-09-21 14:52:36,068 [WARN] PackLoader:238 - Cannot read IP mode file for STMicroelectronics.X-CUBE-AZRTOS-G4.1.0.0
2022-09-21 14:52:36,082 [WARN] PackLoader:238 - Cannot read IP mode file for STMicroelectronics.X-CUBE-AZRTOS-L4.1.0.0
2022-09-21 14:52:36,088 [WARN] PackLoader:238 - Cannot read IP mode file for emotas.I-CUBE-CANOPEN.1.1.2
2022-09-21 14:52:36,092 [WARN] PackLoader:238 - Cannot read IP mode file for STMicroelectronics.X-CUBE-TOUCHGFX.4.20.0
2022-09-21 14:52:36,100 [WARN] PackLoader:238 - Cannot read IP mode file for STMicroelectronics.X-CUBE-AZRTOS-WL.1.0.0
2022-09-21 14:52:36,104 [WARN] PackLoader:238 - Cannot read IP mode file for portGmbH.I-Cube-SoM-uGOAL.1.1.0
2022-09-21 14:52:36,107 [WARN] PackLoader:238 - Cannot read IP mode file for STMicroelectronics.X-CUBE-ALS.1.0.1
2022-09-21 14:52:36,118 [WARN] PackLoader:238 - Cannot read IP mode file for STMicroelectronics.X-CUBE-AZRTOS-L5.1.0.0
2022-09-21 14:52:36,123 [WARN] PackLoader:238 - Cannot read IP mode file for STMicroelectronics.X-CUBE-EEPRMA1.3.1.1
2022-09-21 14:52:36,124 [INFO] ThirdParty:915 - Integrity check success = true
2022-09-21 14:52:36,124 [INFO] IntegrityCheckThread:94 - exiting critical section [integrity check]
2022-09-21 14:52:36,124 [INFO] IntegrityCheckThread:97 - End integrity checks thread
2022-09-21 14:52:36,501 [INFO] ApiDb:251 - Load user favorites file C:\Users\Changg/.stm32cubeide/favorites.boards.txt: 0 item(s)
2022-09-21 14:52:36,501 [INFO] ApiDb:255 - User favorites Boards=[]
2022-09-21 14:52:36,501 [INFO] DbBoards:206 - Set 0 / 0 favorites Boards
2022-09-21 14:52:36,554 [INFO] ServerAccessManage:362 - Download File 
2022-09-21 14:52:36,560 [INFO] LoadUrlFilesThread:172 - End of LoadServerUrlFiles without Thread
2022-09-21 14:52:36,561 [INFO] TargetSelectorAdapter:224 - Refresh data is successful
2022-09-21 14:52:36,630 [INFO] ApiDb:479 - Connected to CubeFinder SQLite database (C:\Users\Changg\.stmcufinder\plugins\mcufinder\mcu\cube-finder-db.db)
2022-09-21 14:52:36,979 [INFO] DbExamplesSqlite:411 - Ignored 31 examples not supported by CubeIDE
2022-09-21 14:52:36,980 [INFO] DbExamplesSqlite:412 - Found 6197 examples active
2022-09-21 14:52:36,980 [INFO] DbExamplesSqlite:413 - Found 89 examples obsolete
2022-09-21 14:52:36,980 [INFO] DbExamplesSqlite:414 - Found 0 examples under development
2022-09-21 14:52:36,980 [INFO] DbExamplesSqlite:415 - Found 76 examples not building
2022-09-21 14:52:36,990 [INFO] DbExamplesSqlite:108 - CubeFinder database Data Model version=2.1
2022-09-21 14:52:36,990 [INFO] DbExamplesSqlite:109 - CubeFinder database Configuration version=3.0.32
2022-09-21 14:52:36,990 [INFO] DbExamplesSqlite:110 - CubeFinder database generation date=2022-08-05 (1659688109)
2022-09-21 14:52:36,990 [INFO] DbExamplesSqlite:111 - CubeFinder database FW Pack versions=[STM32Cube_FW_C0_V1.0.0, STM32Cube_FW_F4_V1.27.1, STM32Cube_FW_F7_V1.17.0, STM32Cube_FW_G0_V1.6.1, STM32Cube_FW_G4_V1.5.0, STM32Cube_FW_H7_V1.10.0, STM32Cube_FW_L5_V1.4.0, STM32Cube_FW_U5_V1.1.1, STM32Cube_FW_WB_V1.14.1, STM32Cube_FW_WL_V1.2.0, X-CUBE-ALGOBUILD_V1.3.0, X-CUBE-ALS_V1.0.1, X-CUBE-AZRTOS-F4_V1.1.0, X-CUBE-AZRTOS-F7_V1.1.0, X-CUBE-AZRTOS-G0_V1.1.0, X-CUBE-AZRTOS-G4_V1.0.0, X-CUBE-AZRTOS-H7_V2.1.0, X-CUBE-AZRTOS-L4_V1.0.0, X-CUBE-AZRTOS-L5_V1.0.0, X-CUBE-AZRTOS-WL_V1.0.0, X-CUBE-BLE1_V6.2.3, X-CUBE-BLE2_V3.3.0, X-CUBE-EEPRMA1_V3.1.1, X-CUBE-GNSS1_V6.0.0, X-CUBE-MEMS1_V9.1.0, X-CUBE-MEMS1_V9.3.0, X-CUBE-NFC4_V2.0.4, X-CUBE-NFC7_V1.0.0, X-CUBE-SFXS2LP1_V4.0.0, X-CUBE-SUBG2_V5.0.0]
2022-09-21 14:52:36,991 [INFO] DbExamples:130 - Found 6242 examples
2022-09-21 14:52:37,316 [ERROR] DbExamples:206 - Found 6242 examples with invalid data (board or MCU)
2022-09-21 14:52:37,316 [INFO] DbExamples:222 - Found 74 boards with related examples
2022-09-21 14:52:37,317 [INFO] DbExamples:235 - Found 0 MCUs with related examples
2022-09-21 14:52:37,326 [INFO] ApiDb:242 - User favorites file not found: C:\Users\Changg/.stm32cubeide/favorites.examples.txt
2022-09-21 14:52:37,326 [INFO] DbExamples:256 - Set 0 / 0 favorites Examples
2022-09-21 14:52:37,419 [INFO] McuFinderGlobals:52 - Set McuFinderConnectedMode to false
2022-09-21 14:52:37,486 [INFO] CrossSelectorPresenter:1330 - Cross Selector saved comparison directory: C:\Users\Changg\.stmcufinder\plugins\mcufinder\mcu\cs_comparisons_mx
2022-09-21 14:52:37,491 [INFO] MultiScanPanel:197 - Auto-refresh data requested => check proxy status ongoing
2022-09-21 14:52:37,491 [INFO] MultiScanPanel:201 - Proxy status is invalid
2022-09-21 14:52:37,493 [INFO] FinderPluginLoader:87 - Searching for filters in installed packs
2022-09-21 14:52:37,857 [INFO] DetailPanel:309 - Set advertising image to C:/Users/Changg/STM32Cube/Repository/\en.Prom_NBSTM32U50921.jpg
2022-09-21 14:53:19,328 [INFO] MainUpdater:2671 - connection check result : 10
2022-09-21 14:53:19,329 [INFO] MainUpdater:2671 - connection check result : 10
2022-09-21 14:53:19,352 [INFO] MicroXplorer:448 - Change Database Path : 
2022-09-21 14:53:19,352 [INFO] MicroXplorer:478 - Change Database Version : DB.6.0.30
2022-09-21 14:53:19,352 [WARN] ThirdParty:813 - waiting for thirdparty lock release [close project]
2022-09-21 14:53:19,352 [INFO] ThirdParty:815 - entering critical section [close project]
2022-09-21 14:53:19,353 [INFO] ThirdParty:825 - exiting critical section [close project]
2022-09-21 14:53:19,356 [INFO] PinOutPanel:1463 - setPackage(No Configuration,No Configuration)
2022-09-21 14:53:19,356 [INFO] UtilMem:74 - Begin LoadConfig() Used Memory: 553996504 Bytes (617611264)
2022-09-21 14:53:19,357 [INFO] MicroXplorer:448 - Change Database Path : 
2022-09-21 14:53:19,357 [INFO] MicroXplorer:478 - Change Database Version : DB.6.0.30
2022-09-21 14:53:19,357 [INFO] OpenFileManager:313 - Change cursor
2022-09-21 14:53:19,894 [INFO] Context:592 - Trying to add GPIOservice into a context  which must be forbidden
2022-09-21 14:53:20,039 [INFO] ImportTextPane:167 - (OptionalMessage_ERROR) Unable to find key (Mcu.ThirdPartyNb) in loaded IOC file
2022-09-21 14:53:20,039 [INFO] ImportTextPane:167 - (OptionalMessage_ERROR) Unable to find key (Mcu.PinsNb) in loaded IOC file
2022-09-21 14:53:20,040 [INFO] ImportTextPane:167 - (OptionalMessage_ERROR) Unable to find key (Mcu.IPNb) in loaded IOC file
2022-09-21 14:53:20,075 [WARN] ApiManager:304 - Cannot register API 'Board Extension:GNSS1A1' from pack STMicroelectronics.X-CUBE-GNSS1.6.0.0: no header file found
2022-09-21 14:53:20,076 [WARN] ApiManager:304 - Cannot register API 'Board Support:Custom' from pack STMicroelectronics.X-CUBE-GNSS1.6.0.0: no header file found
2022-09-21 14:53:20,076 [WARN] ApiManager:304 - Cannot register API 'Data Exchange:lib_gnss' from pack STMicroelectronics.X-CUBE-GNSS1.6.0.0: no header file found
2022-09-21 14:53:20,086 [WARN] ModelIntegratedComponent:60 - No mode defined for component null
2022-09-21 14:53:20,086 [WARN] ModelIntegratedComponent:60 - No mode defined for component null
2022-09-21 14:53:20,086 [WARN] ModelIntegratedComponent:60 - No mode defined for component null
2022-09-21 14:53:20,086 [WARN] ModelIntegratedComponent:60 - No mode defined for component null
2022-09-21 14:53:20,086 [WARN] ModelIntegratedComponent:60 - No mode defined for component null
2022-09-21 14:53:20,086 [WARN] ModelIntegratedComponent:60 - No mode defined for component null
2022-09-21 14:53:20,086 [WARN] ModelIntegratedComponent:60 - No mode defined for component null
2022-09-21 14:53:20,087 [WARN] ModelIntegratedComponent:60 - No mode defined for component null
2022-09-21 14:53:20,087 [WARN] ModelIntegratedComponent:60 - No mode defined for component null
2022-09-21 14:53:20,087 [WARN] ModelIntegratedComponent:60 - No mode defined for component null
2022-09-21 14:53:20,087 [WARN] ModelIntegratedComponent:60 - No mode defined for component null
2022-09-21 14:53:20,087 [WARN] ModelIntegratedComponent:60 - No mode defined for component null
2022-09-21 14:53:20,087 [WARN] ModelIntegratedComponent:60 - No mode defined for component null
2022-09-21 14:53:20,087 [WARN] ModelIntegratedComponent:60 - No mode defined for component null
2022-09-21 14:53:20,087 [WARN] ModelIntegratedComponent:60 - No mode defined for component null
2022-09-21 14:53:20,087 [WARN] ModelIntegratedComponent:60 - No mode defined for component null
2022-09-21 14:53:20,087 [WARN] ModelIntegratedComponent:60 - No mode defined for component null
2022-09-21 14:53:20,087 [WARN] ModelIntegratedComponent:60 - No mode defined for component null
2022-09-21 14:53:20,087 [WARN] ModelIntegratedComponent:60 - No mode defined for component null
2022-09-21 14:53:20,087 [WARN] ModelIntegratedComponent:60 - No mode defined for component null
2022-09-21 14:53:20,087 [WARN] ModelIntegratedComponent:60 - No mode defined for component null
2022-09-21 14:53:20,087 [WARN] ModelIntegratedComponent:60 - No mode defined for component null
2022-09-21 14:53:20,087 [WARN] ModelIntegratedComponent:60 - No mode defined for component null
2022-09-21 14:53:20,087 [WARN] ModelIntegratedComponent:60 - No mode defined for component null
2022-09-21 14:53:20,087 [WARN] ModelIntegratedComponent:60 - No mode defined for component null
2022-09-21 14:53:20,087 [WARN] ModelIntegratedComponent:60 - No mode defined for component null
2022-09-21 14:53:20,087 [WARN] ModelIntegratedComponent:60 - No mode defined for component null
2022-09-21 14:53:20,087 [WARN] ModelIntegratedComponent:60 - No mode defined for component null
2022-09-21 14:53:20,088 [WARN] ModelIntegratedComponent:60 - No mode defined for component null
2022-09-21 14:53:20,088 [WARN] ModelIntegratedComponent:60 - No mode defined for component null
2022-09-21 14:53:20,088 [WARN] ModelIntegratedComponent:60 - No mode defined for component null
2022-09-21 14:53:20,089 [WARN] ApiManager:304 - Cannot register API 'Board Extension:NFC07A1' from pack STMicroelectronics.X-CUBE-NFC7.1.0.0: no header file found
2022-09-21 14:53:20,234 [WARN] ApiManager:304 - Cannot register API 'Board Extension:IKS01A3' from pack STMicroelectronics.X-CUBE-MEMS1.9.3.0: no header file found
2022-09-21 14:53:20,234 [WARN] ApiManager:304 - Cannot register API 'Board Extension:IKS01A2' from pack STMicroelectronics.X-CUBE-MEMS1.9.3.0: no header file found
2022-09-21 14:53:20,234 [WARN] ApiManager:304 - Cannot register API 'Board Extension:IKS02A1' from pack STMicroelectronics.X-CUBE-MEMS1.9.3.0: no header file found
2022-09-21 14:53:20,241 [WARN] ApiManager:304 - Cannot register API 'Wireless:BlueNRG-MS' from pack STMicroelectronics.X-CUBE-BLE1.6.2.3: no header file found
2022-09-21 14:53:20,243 [INFO] RtosManager:484 - Registered RTOS mode: class=CMSIS, group=RTOS, mode=CMSIS_V1, owner=FREERTOS
2022-09-21 14:53:20,243 [INFO] RtosManager:484 - Registered RTOS mode: class=CMSIS, group=RTOS2, mode=CMSIS_V2, owner=FREERTOS
2022-09-21 14:53:20,243 [INFO] RtosManager:484 - Registered RTOS mode: class=RTOS, group=Core, mode=CMSIS_V1, owner=FREERTOS
2022-09-21 14:53:20,243 [INFO] RtosManager:484 - Registered RTOS mode: class=RTOS, group=Core, mode=CMSIS_V2, owner=FREERTOS
2022-09-21 14:53:20,243 [WARN] ModelIntegratedComponent:181 - Missing modes for component STMicroelectronics:FreeRTOS:0.0.1:STMicroelectronics:RTOS:FreeRTOS:Core:::10.2.0:
2022-09-21 14:53:20,246 [WARN] ApiManager:304 - Cannot register API 'Board Extension:S2868A1' from pack STMicroelectronics.X-CUBE-SUBG2.5.0.0: no header file found
2022-09-21 14:53:20,246 [WARN] ApiManager:304 - Cannot register API 'Board Extension:S2868A2' from pack STMicroelectronics.X-CUBE-SUBG2.5.0.0: no header file found
2022-09-21 14:53:20,246 [WARN] ApiManager:304 - Cannot register API 'Board Extension:S2915A1' from pack STMicroelectronics.X-CUBE-SUBG2.5.0.0: no header file found
2022-09-21 14:53:20,250 [WARN] ApiManager:304 - Cannot register API 'Board Extension:EEPRMA1' from pack STMicroelectronics.X-CUBE-EEPRMA1.3.1.1: no header file found
2022-09-21 14:53:20,250 [WARN] ApiManager:304 - Cannot register API 'Board Extension:EEPRMA2' from pack STMicroelectronics.X-CUBE-EEPRMA1.3.1.1: no header file found
2022-09-21 14:53:20,251 [WARN] ApiManager:304 - Cannot register API 'Board Extension:S2868A1' from pack STMicroelectronics.X-CUBE-SFXS2LP1.4.0.0: no header file found
2022-09-21 14:53:20,251 [WARN] ApiManager:304 - Cannot register API 'Board Extension:S2868A2' from pack STMicroelectronics.X-CUBE-SFXS2LP1.4.0.0: no header file found
2022-09-21 14:53:20,251 [WARN] ApiManager:304 - Cannot register API 'Board Extension:S2915A1' from pack STMicroelectronics.X-CUBE-SFXS2LP1.4.0.0: no header file found
2022-09-21 14:53:20,252 [WARN] ApiManager:304 - Cannot register API 'Wireless:BlueNRG-2' from pack STMicroelectronics.X-CUBE-BLE2.3.3.0: no header file found
2022-09-21 14:53:20,252 [WARN] ApiManager:304 - Cannot register API 'Board Extension:NFC04A1' from pack STMicroelectronics.X-CUBE-NFC4.2.0.4: no header file found
2022-09-21 14:53:21,360 [INFO] UtilMem:74 - End LoadConfig() Used Memory: 590959928 Bytes (663748608)
2022-09-21 14:53:21,365 [WARN] ThirdParty:779 - waiting for thirdparty lock release [change project]
2022-09-21 14:53:21,365 [INFO] ThirdParty:781 - entering critical section [change project]
2022-09-21 14:53:21,365 [INFO] ThirdParty:967 - CMSIS Pack Vendor :RoweBots I-CUBE-UNISONRTOS 5.5.0-4
2022-09-21 14:53:21,365 [INFO] ThirdParty:967 - CMSIS Pack Vendor :STMicroelectronics X-CUBE-GNSS1 6.0.0
2022-09-21 14:53:21,365 [INFO] ThirdParty:967 - CMSIS Pack Vendor :STMicroelectronics X-CUBE-AZRTOS-H7 2.1.0
2022-09-21 14:53:21,365 [INFO] ThirdParty:967 - CMSIS Pack Vendor :STMicroelectronics USB_HOST 2.0.0
2022-09-21 14:53:21,365 [INFO] ThirdParty:967 - CMSIS Pack Vendor :STMicroelectronics X-CUBE-AZRTOS-F4 1.1.0
2022-09-21 14:53:21,365 [INFO] ThirdParty:967 - CMSIS Pack Vendor :STMicroelectronics X-CUBE-AZRTOS-G4 1.0.0
2022-09-21 14:53:21,365 [INFO] ThirdParty:967 - CMSIS Pack Vendor :STMicroelectronics X-CUBE-AZRTOS-L4 1.0.0
2022-09-21 14:53:21,365 [INFO] ThirdParty:967 - CMSIS Pack Vendor :STMicroelectronics USB_DEVICE 3.0.0
2022-09-21 14:53:21,365 [INFO] ThirdParty:967 - CMSIS Pack Vendor :wolfSSL I-CUBE-wolfSSL 5.5.0
2022-09-21 14:53:21,365 [INFO] ThirdParty:967 - CMSIS Pack Vendor :STMicroelectronics HAL Drivers 0.0.0
2022-09-21 14:53:21,365 [INFO] ThirdParty:967 - CMSIS Pack Vendor :STMicroelectronics MBEDTLS 2.16.2
2022-09-21 14:53:21,365 [INFO] ThirdParty:967 - CMSIS Pack Vendor :emotas I-CUBE-CANOPEN 1.1.2
2022-09-21 14:53:21,365 [INFO] ThirdParty:967 - CMSIS Pack Vendor :STMicroelectronics X-CUBE-TOUCHGFX 4.20.0
2022-09-21 14:53:21,365 [INFO] ThirdParty:967 - CMSIS Pack Vendor :STMicroelectronics MBEDTLS 2.14.1
2022-09-21 14:53:21,365 [INFO] ThirdParty:967 - CMSIS Pack Vendor :STMicroelectronics X-CUBE-NFC7 1.0.0
2022-09-21 14:53:21,365 [INFO] ThirdParty:967 - CMSIS Pack Vendor :STMicroelectronics X-CUBE-BLEMGR 1.0.0
2022-09-21 14:53:21,365 [INFO] ThirdParty:967 - CMSIS Pack Vendor :STMicroelectronics X-CUBE-AZRTOS-WL 1.0.0
2022-09-21 14:53:21,365 [INFO] ThirdParty:967 - CMSIS Pack Vendor :STMicroelectronics X-CUBE-AZRTOS-F7 1.1.0
2022-09-21 14:53:21,365 [INFO] ThirdParty:967 - CMSIS Pack Vendor :STMicroelectronics X-CUBE-MEMS1 9.3.0
2022-09-21 14:53:21,365 [INFO] ThirdParty:967 - CMSIS Pack Vendor :portGmbH I-Cube-SoM-uGOAL 1.1.0
2022-09-21 14:53:21,365 [INFO] ThirdParty:967 - CMSIS Pack Vendor :STMicroelectronics X-CUBE-ALS 1.0.1
2022-09-21 14:53:21,365 [INFO] ThirdParty:967 - CMSIS Pack Vendor :STMicroelectronics USB_DEVICE 2.0.0
2022-09-21 14:53:21,365 [INFO] ThirdParty:967 - CMSIS Pack Vendor :STMicroelectronics X-CUBE-AI 7.2.0
2022-09-21 14:53:21,366 [INFO] ThirdParty:967 - CMSIS Pack Vendor :STMicroelectronics X-CUBE-BLE1 6.2.3
2022-09-21 14:53:21,366 [INFO] ThirdParty:967 - CMSIS Pack Vendor :STMicroelectronics X-CUBE-ALGOBUILD 1.3.0
2022-09-21 14:53:21,366 [INFO] ThirdParty:967 - CMSIS Pack Vendor :STMicroelectronics X-CUBE-AZRTOS-L5 1.0.0
2022-09-21 14:53:21,366 [INFO] ThirdParty:967 - CMSIS Pack Vendor :STMicroelectronics FreeRTOS 0.0.1
2022-09-21 14:53:21,366 [INFO] ThirdParty:967 - CMSIS Pack Vendor :STMicroelectronics X-CUBE-AZRTOS-G0 1.1.0
2022-09-21 14:53:21,366 [INFO] ThirdParty:967 - CMSIS Pack Vendor :STMicroelectronics USB_DEVICE 1.0.0
2022-09-21 14:53:21,366 [INFO] ThirdParty:967 - CMSIS Pack Vendor :STMicroelectronics X-CUBE-SUBG2 5.0.0
2022-09-21 14:53:21,366 [INFO] ThirdParty:967 - CMSIS Pack Vendor :SEGGER I-CUBE-embOS 1.2.0
2022-09-21 14:53:21,366 [INFO] ThirdParty:967 - CMSIS Pack Vendor :STMicroelectronics X-CUBE-EEPRMA1 3.1.1
2022-09-21 14:53:21,366 [INFO] ThirdParty:967 - CMSIS Pack Vendor :STMicroelectronics ThreadX 0.0.2
2022-09-21 14:53:21,366 [INFO] ThirdParty:967 - CMSIS Pack Vendor :STMicroelectronics lwIP 2.0.3
2022-09-21 14:53:21,366 [INFO] ThirdParty:967 - CMSIS Pack Vendor :STMicroelectronics lwIP 2.1.2
2022-09-21 14:53:21,366 [INFO] ThirdParty:967 - CMSIS Pack Vendor :STMicroelectronics X-CUBE-SFXS2LP1 4.0.0
2022-09-21 14:53:21,366 [INFO] ThirdParty:967 - CMSIS Pack Vendor :STMicroelectronics X-CUBE-BLE2 3.3.0
2022-09-21 14:53:21,366 [INFO] ThirdParty:967 - CMSIS Pack Vendor :STMicroelectronics X-CUBE-NFC4 2.0.4
2022-09-21 14:53:21,366 [INFO] ThirdParty:967 - CMSIS Pack Vendor :STMicroelectronics USB_HOST 1.0.0
2022-09-21 14:53:21,366 [INFO] ThirdParty:967 - CMSIS Pack Vendor :STMicroelectronics X-CUBE-DISPLAY 2.2.0
2022-09-21 14:53:21,366 [INFO] ThirdParty:967 - CMSIS Pack Vendor :STMicroelectronics PDM2PCM 3.1.0
2022-09-21 14:53:21,366 [INFO] ThirdParty:967 - CMSIS Pack Vendor :STMicroelectronics FP-ATR-ASTRA1 1.1.1
2022-09-21 14:53:21,366 [INFO] ThirdParty:967 - CMSIS Pack Vendor :STMicroelectronics PDM2PCM 3.2.0
2022-09-21 14:53:21,366 [INFO] ThirdParty:967 - CMSIS Pack Vendor :STMicroelectronics PDM2PCM 3.3.0
2022-09-21 14:53:21,366 [INFO] ThirdParty:967 - CMSIS Pack Vendor :STMicroelectronics X-CUBE-TOF1 3.1.0
2022-09-21 14:53:21,366 [INFO] ThirdParty:967 - CMSIS Pack Vendor :STMicroelectronics X-CUBE-ISPU 1.0.0
2022-09-21 14:53:21,366 [INFO] ThirdParty:787 - exiting critical section [change project]
2022-09-21 14:53:21,532 [INFO] PinOutPanel:1463 - setPackage(No Configuration,No Configuration)
2022-09-21 14:53:21,532 [INFO] PinOutPanel:1463 - setPackage(STM32F103C6Ux,UFQFPN48)
2022-09-21 14:53:21,813 [INFO] UtilMem:74 - Before build in PCC Used Memory: 599628168 Bytes (663748608)
2022-09-21 14:53:22,200 [INFO] UtilMem:74 - After build in PCC Used Memory: 610897808 Bytes (663748608)
2022-09-21 14:53:22,217 [INFO] IPUIPlugin:74 - create IPUIPlugin
2022-09-21 14:53:22,217 [INFO] IPUIPlugin:74 - create IPUIPlugin
2022-09-21 14:53:22,217 [INFO] IPUIPlugin:74 - create IPUIPlugin
2022-09-21 14:53:22,217 [INFO] IPUIPlugin:74 - create IPUIPlugin
2022-09-21 14:53:22,217 [INFO] IPUIPlugin:74 - create IPUIPlugin
2022-09-21 14:53:22,217 [INFO] IPUIPlugin:74 - create IPUIPlugin
2022-09-21 14:53:22,217 [INFO] IPUIPlugin:74 - create IPUIPlugin
2022-09-21 14:53:22,217 [INFO] IPUIPlugin:74 - create IPUIPlugin
2022-09-21 14:53:22,217 [INFO] IPUIPlugin:74 - create IPUIPlugin
2022-09-21 14:53:22,218 [INFO] IPUIPlugin:74 - create IPUIPlugin
2022-09-21 14:53:22,218 [INFO] IPUIPlugin:74 - create IPUIPlugin
2022-09-21 14:53:22,218 [INFO] IPUIPlugin:74 - create IPUIPlugin
2022-09-21 14:53:22,218 [INFO] IPUIPlugin:74 - create IPUIPlugin
2022-09-21 14:53:22,218 [INFO] IPUIPlugin:74 - create IPUIPlugin
2022-09-21 14:53:22,218 [INFO] IPUIPlugin:74 - create IPUIPlugin
2022-09-21 14:53:22,218 [INFO] IPUIPlugin:74 - create IPUIPlugin
2022-09-21 14:53:22,219 [INFO] IPUIPlugin:74 - create IPUIPlugin
2022-09-21 14:53:22,219 [INFO] IPUIPlugin:74 - create IPUIPlugin
2022-09-21 14:53:22,219 [INFO] IPUIPlugin:74 - create IPUIPlugin
2022-09-21 14:53:22,219 [INFO] IPUIPlugin:74 - create IPUIPlugin
2022-09-21 14:53:22,219 [INFO] IPUIPlugin:74 - create IPUIPlugin
2022-09-21 14:53:22,220 [INFO] IPUIPlugin:74 - create IPUIPlugin
2022-09-21 14:53:22,220 [INFO] IPUIPlugin:74 - create IPUIPlugin
2022-09-21 14:53:22,315 [INFO] OpenFileManager:333 - Restore cursor
2022-09-21 14:53:22,473 [INFO] UtilMem:74 - End SaveConfig() Used Memory: 620432256 Bytes (663748608)
2022-09-21 14:53:22,508 [INFO] UtilMem:74 - End SaveConfig() Used Memory: 586639072 Bytes (663748608)
2022-09-21 14:53:22,756 [INFO] BlockDiagram:2740 - set Specific Code input for plugin: NVIC
2022-09-21 14:53:22,757 [INFO] BlockDiagram:2740 - set Specific Code input for plugin: SYS
2022-09-21 14:53:22,757 [INFO] BlockDiagram:2740 - set Specific Code input for plugin: RCC
2022-09-21 14:53:22,757 [INFO] CodeGenerator:663 - code generatio: config db path: C:\ST\STM32CubeIDE_1.7.0\STM32CubeIDE\plugins\com.st.stm32cube.common.mx_6.3.0.202107141111\\db\
2022-09-21 14:53:22,929 [INFO] CodeEngine:239 - oldGeneratedFile, D:\VXL VDK\LAB\Lab1\Bai2\STM\Bai2\MXTmpFiles\license.tmp_save
2022-09-21 14:53:23,124 [INFO] CodeEngine:257 - Generated code: D:\VXL VDK\LAB\Lab1\Bai2\STM\Bai2\MXTmpFiles\license.tmp
2022-09-21 14:53:23,175 [INFO] CodeEngine:239 - oldGeneratedFile, D:\VXL VDK\LAB\Lab1\Bai2\STM\Bai2\Core\Src\stm32f1xx_it.c_save
2022-09-21 14:53:23,244 [INFO] CodeEngine:257 - Generated code: D:\VXL VDK\LAB\Lab1\Bai2\STM\Bai2\Core\Src\stm32f1xx_it.c
2022-09-21 14:53:23,244 [INFO] CodeEngine:239 - oldGeneratedFile, D:\VXL VDK\LAB\Lab1\Bai2\STM\Bai2\Core\Inc\stm32f1xx_it.h_save
2022-09-21 14:53:23,279 [INFO] CodeEngine:257 - Generated code: D:\VXL VDK\LAB\Lab1\Bai2\STM\Bai2\Core\Inc\stm32f1xx_it.h
2022-09-21 14:53:23,284 [INFO] CodeEngine:239 - oldGeneratedFile, D:\VXL VDK\LAB\Lab1\Bai2\STM\Bai2\Core\Src\stm32f1xx_hal_msp.c_save
2022-09-21 14:53:23,355 [INFO] CodeEngine:257 - Generated code: D:\VXL VDK\LAB\Lab1\Bai2\STM\Bai2\Core\Src\stm32f1xx_hal_msp.c
2022-09-21 14:53:23,357 [INFO] CodeEngine:239 - oldGeneratedFile, D:\VXL VDK\LAB\Lab1\Bai2\STM\Bai2\MXTmpFiles\system.tmp_save
2022-09-21 14:53:23,394 [INFO] CodeEngine:257 - Generated code: D:\VXL VDK\LAB\Lab1\Bai2\STM\Bai2\MXTmpFiles\system.tmp
2022-09-21 14:53:23,398 [INFO] CodeEngine:239 - oldGeneratedFile, D:\VXL VDK\LAB\Lab1\Bai2\STM\Bai2\Core\Inc\stm32f1xx_hal_conf.h_save
2022-09-21 14:53:23,459 [INFO] CodeEngine:257 - Generated code: D:\VXL VDK\LAB\Lab1\Bai2\STM\Bai2\Core\Inc\stm32f1xx_hal_conf.h
2022-09-21 14:53:23,498 [INFO] CodeEngine:239 - oldGeneratedFile, D:\VXL VDK\LAB\Lab1\Bai2\STM\Bai2\Core\Inc\main.h_save
2022-09-21 14:53:23,552 [INFO] CodeEngine:257 - Generated code: D:\VXL VDK\LAB\Lab1\Bai2\STM\Bai2\Core\Inc\main.h
2022-09-21 14:53:23,554 [INFO] CodeEngine:239 - oldGeneratedFile, D:\VXL VDK\LAB\Lab1\Bai2\STM\Bai2\Core\Src\main.c_save
2022-09-21 14:53:23,626 [INFO] CodeEngine:257 - Generated code: D:\VXL VDK\LAB\Lab1\Bai2\STM\Bai2\Core\Src\main.c
2022-09-21 14:53:24,199 [INFO] ProjectBuilder:2578 - Time for Copy HAL[1] : 95mS.
2022-09-21 14:53:24,203 [INFO] ProjectBuilder:3622 - Project Generator version: 3.14.1
2022-09-21 14:53:24,526 [INFO] ConfigFileManager:1271 - The Die is : DIE412
2022-09-21 14:53:24,536 [INFO] ApiDbMcu:468 - Load IP Config File for FATFS
2022-09-21 14:53:24,552 [INFO] ApiDbMcu:468 - Load IP Config File for FREERTOS
2022-09-21 14:53:24,565 [INFO] ApiDbMcu:468 - Load IP Config File for USB_DEVICE
2022-09-21 14:53:26,396 [INFO] ProjectBuilder:3789 - Time for Generating toolchain IDE Files: 2193mS.
2022-09-21 14:53:26,396 [INFO] ProjectBuilder:2457 - Time for Copy CMSIS : 0mS.
2022-09-21 14:53:26,397 [INFO] ProjectBuilder:2457 - Time for Copy CMSIS : 0mS.
2022-09-21 14:53:26,766 [INFO] McuFinderGlobals:52 - Set McuFinderConnectedMode to true
2022-09-21 14:53:26,767 [INFO] ApiDb:276 - Save user favorites file C:\Users\Changg/.stm32cubeide/favorites.mcus.txt: 0 item(s)
2022-09-21 14:53:26,767 [INFO] ApiDb:280 - User favorites MCUs=[]
2022-09-21 14:54:01,977 [INFO] UtilMem:74 - End SaveConfig() Used Memory: 781938472 Bytes (923795456)
2022-09-21 14:54:04,272 [INFO] UtilMem:74 - End SaveConfig() Used Memory: 618275752 Bytes (923795456)
2022-09-21 14:54:07,055 [INFO] UtilMem:74 - End SaveConfig() Used Memory: 690040216 Bytes (923795456)
2022-09-21 14:54:07,239 [INFO] BlockDiagram:2740 - set Specific Code input for plugin: NVIC
2022-09-21 14:54:07,239 [INFO] BlockDiagram:2740 - set Specific Code input for plugin: SYS
2022-09-21 14:54:07,239 [INFO] BlockDiagram:2740 - set Specific Code input for plugin: GPIO
2022-09-21 14:54:07,239 [INFO] BlockDiagram:2740 - set Specific Code input for plugin: RCC
2022-09-21 14:54:07,239 [INFO] CodeGenerator:663 - code generatio: config db path: C:\ST\STM32CubeIDE_1.7.0\STM32CubeIDE\plugins\com.st.stm32cube.common.mx_6.3.0.202107141111\\db\
2022-09-21 14:54:07,472 [INFO] CodeEngine:239 - oldGeneratedFile, D:\VXL VDK\LAB\Lab1\Bai2\STM\Bai2\MXTmpFiles\license.tmp_save
2022-09-21 14:54:07,505 [INFO] CodeEngine:257 - Generated code: D:\VXL VDK\LAB\Lab1\Bai2\STM\Bai2\MXTmpFiles\license.tmp
2022-09-21 14:54:07,556 [INFO] CodeEngine:239 - oldGeneratedFile, D:\VXL VDK\LAB\Lab1\Bai2\STM\Bai2\MXTmpFiles\gpio.tmp_save
2022-09-21 14:54:07,598 [INFO] CodeEngine:257 - Generated code: D:\VXL VDK\LAB\Lab1\Bai2\STM\Bai2\MXTmpFiles\gpio.tmp
2022-09-21 14:54:07,618 [INFO] CodeEngine:239 - oldGeneratedFile, D:\VXL VDK\LAB\Lab1\Bai2\STM\Bai2\Core\Src\stm32f1xx_it.c_save
2022-09-21 14:54:07,657 [INFO] CodeEngine:257 - Generated code: D:\VXL VDK\LAB\Lab1\Bai2\STM\Bai2\Core\Src\stm32f1xx_it.c
2022-09-21 14:54:07,659 [INFO] CodeEngine:239 - oldGeneratedFile, D:\VXL VDK\LAB\Lab1\Bai2\STM\Bai2\Core\Inc\stm32f1xx_it.h_save
2022-09-21 14:54:07,714 [INFO] CodeEngine:257 - Generated code: D:\VXL VDK\LAB\Lab1\Bai2\STM\Bai2\Core\Inc\stm32f1xx_it.h
2022-09-21 14:54:07,724 [INFO] CodeEngine:239 - oldGeneratedFile, D:\VXL VDK\LAB\Lab1\Bai2\STM\Bai2\Core\Src\stm32f1xx_hal_msp.c_save
2022-09-21 14:54:07,766 [INFO] CodeEngine:257 - Generated code: D:\VXL VDK\LAB\Lab1\Bai2\STM\Bai2\Core\Src\stm32f1xx_hal_msp.c
2022-09-21 14:54:07,768 [INFO] CodeEngine:239 - oldGeneratedFile, D:\VXL VDK\LAB\Lab1\Bai2\STM\Bai2\MXTmpFiles\system.tmp_save
2022-09-21 14:54:07,795 [INFO] CodeEngine:257 - Generated code: D:\VXL VDK\LAB\Lab1\Bai2\STM\Bai2\MXTmpFiles\system.tmp
2022-09-21 14:54:07,801 [INFO] CodeEngine:239 - oldGeneratedFile, D:\VXL VDK\LAB\Lab1\Bai2\STM\Bai2\Core\Inc\stm32f1xx_hal_conf.h_save
2022-09-21 14:54:07,857 [INFO] CodeEngine:257 - Generated code: D:\VXL VDK\LAB\Lab1\Bai2\STM\Bai2\Core\Inc\stm32f1xx_hal_conf.h
2022-09-21 14:54:07,873 [INFO] CodeEngine:239 - oldGeneratedFile, D:\VXL VDK\LAB\Lab1\Bai2\STM\Bai2\Core\Inc\main.h_save
2022-09-21 14:54:07,916 [INFO] CodeEngine:257 - Generated code: D:\VXL VDK\LAB\Lab1\Bai2\STM\Bai2\Core\Inc\main.h
2022-09-21 14:54:07,921 [INFO] CodeEngine:239 - oldGeneratedFile, D:\VXL VDK\LAB\Lab1\Bai2\STM\Bai2\Core\Src\main.c_save
2022-09-21 14:54:07,977 [INFO] CodeEngine:257 - Generated code: D:\VXL VDK\LAB\Lab1\Bai2\STM\Bai2\Core\Src\main.c
2022-09-21 14:54:08,592 [INFO] ProjectBuilder:2578 - Time for Copy HAL[1] : 78mS.
2022-09-21 14:54:08,594 [INFO] ProjectBuilder:3622 - Project Generator version: 3.14.1
2022-09-21 14:54:08,907 [INFO] ConfigFileManager:1271 - The Die is : DIE412
2022-09-21 14:54:10,043 [INFO] ProjectBuilder:3789 - Time for Generating toolchain IDE Files: 1448mS.
2022-09-21 14:54:10,043 [INFO] ProjectBuilder:2457 - Time for Copy CMSIS : 0mS.
2022-09-21 14:54:10,043 [INFO] ProjectBuilder:2457 - Time for Copy CMSIS : 0mS.
